Removing biuai_frontend_1     ... 
Removing biuai_backend_1      ... 
Removing biuai_jupyter_1      ... 
Removing biuai_model-server_1 ... 
Removing biuai_pgadmin_1      ... 
Removing biuai_redis_1        ... 
Removing biuai_db_1           ... 
Removing biuai_redis_1        ... done
Removing biuai_db_1           ... done
Removing biuai_pgadmin_1      ... done
Removing biuai_frontend_1     ... done
Removing biuai_backend_1      ... done
Removing biuai_model-server_1 ... done
Removing biuai_jupyter_1      ... done
Removing network biuai_app-network
Network biuai_app-network not found.
Deleted Volumes:
2fcb80e6439cb237d6034f177d34212ceb188773d55d83f4a6dbf8820d9f25c6
9fa6062044f62a4d6d2a78d94fdddcb340ad03d35d2781361579311a37ac2d61

Total reclaimed space: 167.9kB
