Creating network "biuai_app-network" with driver "bridge"
Creating volume "biuai_postgres_data" with default driver
Building model-server
#0 building with "desktop-linux" instance using docker driver

#1 [internal] load build definition from Dockerfile
#1 transferring dockerfile: 694B done
#1 DONE 0.0s

#2 [internal] load metadata for docker.io/library/python:3.11-slim
#2 DONE 0.0s

#3 [internal] load .dockerignore
#3 transferring context: 2B done
#3 DONE 0.0s

#4 [1/7] FROM docker.io/library/python:3.11-slim
#4 DONE 0.0s

#5 [internal] load build context
#5 transferring context: 1.11kB done
#5 DONE 0.0s

#6 [5/7] COPY requirements.txt .
#6 CACHED

#7 [6/7] RUN pip install --no-cache-dir -r requirements.txt &&     pip install --no-cache-dir --upgrade pip
#7 CACHED

#8 [2/7] WORKDIR /app
#8 CACHED

#9 [3/7] RUN apt-get update && apt-get install -y     build-essential     curl     && rm -rf /var/lib/apt/lists/*
#9 CACHED

#10 [4/7] RUN mkdir -p /app/models
#10 CACHED

#11 [7/7] COPY . .
#11 CACHED

#12 exporting to image
#12 exporting layers done
#12 writing image sha256:a6f75c19a8a7e8f338ce08febad06aa16b40bc45a2b44f04a7e0a58fd80952d6 done
#12 naming to docker.io/library/biuai_model-server done
#12 DONE 0.0s
Building backend
#0 building with "desktop-linux" instance using docker driver

#1 [internal] load build definition from Dockerfile
#1 transferring dockerfile: 633B done
#1 DONE 0.0s

#2 [internal] load metadata for docker.io/library/python:3.11-slim
#2 DONE 0.0s

#3 [internal] load .dockerignore
#3 transferring context: 2B done
#3 DONE 0.0s

#4 [1/6] FROM docker.io/library/python:3.11-slim
#4 DONE 0.0s

#5 [internal] load build context
#5 transferring context: 3.16kB done
#5 DONE 0.0s

#6 [2/6] WORKDIR /app
#6 CACHED

#7 [4/6] COPY requirements.txt .
#7 CACHED

#8 [3/6] RUN apt-get update && apt-get install -y     build-essential     curl     && rm -rf /var/lib/apt/lists/*
#8 CACHED

#9 [5/6] RUN pip install --no-cache-dir -r requirements.txt &&     pip install --no-cache-dir --upgrade pip
#9 CACHED

#10 [6/6] COPY . .
#10 CACHED

#11 exporting to image
#11 exporting layers done
#11 writing image sha256:ba45f88e6a545d805fdcfbd3ec625171d13cb8d959dfa4f0a8fab8f668a3702d done
#11 naming to docker.io/library/biuai_backend done
#11 DONE 0.0s
Building frontend
#0 building with "desktop-linux" instance using docker driver

#1 [internal] load build definition from Dockerfile
#1 transferring dockerfile: 388B done
#1 WARN: FromAsCasing: 'as' and 'FROM' keywords' casing do not match (line 2)
#1 WARN: FromAsCasing: 'as' and 'FROM' keywords' casing do not match (line 15)
#1 DONE 0.0s

#2 [internal] load metadata for docker.io/library/node:18-alpine
#2 DONE 1.0s

#3 [internal] load metadata for docker.io/library/nginx:stable-alpine
#3 DONE 1.1s

#4 [internal] load .dockerignore
#4 transferring context: 2B done
#4 DONE 0.0s

#5 [build-stage 1/6] FROM docker.io/library/node:18-alpine@sha256:8d6421d663b4c28fd3ebc498332f249011d118945588d0a35cb9bc4b8ca09d9e
#5 DONE 0.0s

#6 [production-stage 1/3] FROM docker.io/library/nginx:stable-alpine@sha256:aed99734248e851764f1f2146835ecad42b5f994081fa6631cc5d79240891ec9
#6 DONE 0.0s

#7 [internal] load build context
#7 transferring context: 1.01MB 0.3s done
#7 DONE 0.3s

#8 [build-stage 2/6] WORKDIR /app
#8 CACHED

#9 [build-stage 3/6] COPY package*.json ./
#9 CACHED

#10 [build-stage 4/6] RUN npm install
#10 CACHED

#11 [build-stage 5/6] COPY . .
#11 CACHED

#12 [build-stage 6/6] RUN npm run build
#12 CACHED

#13 [production-stage 2/3] COPY --from=build-stage /app/dist /usr/share/nginx/html
#13 CACHED

#14 [production-stage 3/3] COPY nginx.conf /etc/nginx/conf.d/default.conf
#14 CACHED

#15 exporting to image
#15 exporting layers done
#15 writing image sha256:d4b48e3136628977ef207400f5a561030370077b240161df0bfa654c6212d076 done
#15 naming to docker.io/library/biuai_frontend done
#15 DONE 0.0s

 [33m2 warnings found (use docker --debug to expand):
[0m - FromAsCasing: 'as' and 'FROM' keywords' casing do not match (line 2)
 - FromAsCasing: 'as' and 'FROM' keywords' casing do not match (line 15)
Building jupyter
#0 building with "desktop-linux" instance using docker driver

#1 [internal] load build definition from Dockerfile
#1 transferring dockerfile: 670B done
#1 DONE 0.0s

#2 [internal] load metadata for docker.io/jupyter/scipy-notebook:latest
#2 DONE 1.1s

#3 [internal] load .dockerignore
#3 transferring context: 2B done
#3 DONE 0.0s

#4 [1/6] FROM docker.io/jupyter/scipy-notebook:latest@sha256:fca4bcc9cbd49d9a15e0e4df6c666adf17776c950da9fa94a4f0a045d5c4ad33
#4 DONE 0.0s

#5 [internal] load build context
#5 transferring context: 121B done
#5 DONE 0.0s

#6 [2/6] RUN apt-get update && apt-get install -y     build-essential     curl     && rm -rf /var/lib/apt/lists/*
#6 CACHED

#7 [3/6] COPY requirements.txt /tmp/
#7 CACHED

#8 [4/6] RUN pip install --no-cache-dir -r /tmp/requirements.txt
#8 CACHED

#9 [5/6] WORKDIR /home/jovyan/work
#9 CACHED

#10 [6/6] COPY notebooks/ /home/jovyan/work/
#10 CACHED

#11 exporting to image
#11 exporting layers done
#11 writing image sha256:e43d41420acfc14550ec45ea8973648a8d67b61d0079a4da7aa90ecfb5bebbd7 done
#11 naming to docker.io/library/biuai_jupyter done
#11 DONE 0.0s
Creating biuai_db_1 ... 
Creating biuai_redis_1 ... 
Creating biuai_redis_1 ... done
Creating biuai_db_1    ... done
Creating biuai_pgadmin_1 ... 
Creating biuai_jupyter_1 ... 
Creating biuai_pgadmin_1 ... done
Creating biuai_jupyter_1 ... done
Creating biuai_model-server_1 ... 
Creating biuai_model-server_1 ... done

ERROR: for backend  Container "acfb0f2fa4e9" is unhealthy.
Encountered errors while bringing up the project.
