Creating network "biuai_default" with the default driver
Building model-server
#0 building with "desktop-linux" instance using docker driver

#1 [internal] load build definition from Dockerfile
#1 transferring dockerfile: 552B done
#1 DONE 0.0s

#2 [internal] load metadata for docker.io/library/python:3.11-slim
#2 DONE 1.7s

#3 [internal] load .dockerignore
#3 transferring context: 2B done
#3 DONE 0.0s

#4 [1/7] FROM docker.io/library/python:3.11-slim@sha256:9e1912aab0a30bbd9488eb79063f68f42a68ab0946cbe98fecf197fe5b085506
#4 resolve docker.io/library/python:3.11-slim@sha256:9e1912aab0a30bbd9488eb79063f68f42a68ab0946cbe98fecf197fe5b085506 0.0s done
#4 DONE 0.0s

#5 [internal] load build context
#5 transferring context: 8.04kB done
#5 DONE 0.0s

#6 [2/7] WORKDIR /app
#6 CACHED

#7 [3/7] RUN apt-get update && apt-get install -y     build-essential     curl     && rm -rf /var/lib/apt/lists/*
#7 CACHED

#8 [4/7] COPY requirements.txt .
#8 CACHED

#9 [5/7] RUN pip install --no-cache-dir -r requirements.txt
#9 1.791 Collecting fastapi==0.104.1 (from -r requirements.txt (line 1))
#9 2.032   Downloading fastapi-0.104.1-py3-none-any.whl.metadata (24 kB)
#9 2.112 Collecting uvicorn==0.24.0 (from -r requirements.txt (line 2))
#9 2.143   Downloading uvicorn-0.24.0-py3-none-any.whl.metadata (6.4 kB)
#9 2.381 Collecting sqlalchemy==2.0.23 (from -r requirements.txt (line 3))
#9 2.410   Downloading SQLAlchemy-2.0.23-cp311-cp311-manylinux_2_17_x86_64.manylinux2014_x86_64.whl.metadata (9.6 kB)
#9 2.509 Collecting psycopg2-binary==2.9.9 (from -r requirements.txt (line 4))
#9 2.539   Downloading psycopg2_binary-2.9.9-cp311-cp311-manylinux_2_17_x86_64.manylinux2014_x86_64.whl.metadata (4.4 kB)
#9 2.645 Collecting pydantic==2.5.2 (from -r requirements.txt (line 5))
#9 2.682   Downloading pydantic-2.5.2-py3-none-any.whl.metadata (65 kB)
#9 2.708      ━━━━━━━━━━━━━━━━━━━━━━━━━━━━━━━━━━━━━━━━ 65.2/65.2 kB 2.3 MB/s eta 0:00:00
#9 2.752 Collecting pydantic-settings==2.1.0 (from -r requirements.txt (line 6))
#9 2.782   Downloading pydantic_settings-2.1.0-py3-none-any.whl.metadata (2.9 kB)
#9 2.999 Collecting pandas==2.1.3 (from -r requirements.txt (line 7))
#9 3.028   Downloading pandas-2.1.3-cp311-cp311-manylinux_2_17_x86_64.manylinux2014_x86_64.whl.metadata (18 kB)
#9 3.160 Collecting numpy==1.26.2 (from -r requirements.txt (line 8))
#9 3.187   Downloading numpy-1.26.2-cp311-cp311-manylinux_2_17_x86_64.manylinux2014_x86_64.whl.metadata (61 kB)
#9 3.192      ━━━━━━━━━━━━━━━━━━━━━━━━━━━━━━━━━━━━━━━━ 61.2/61.2 kB 14.8 MB/s eta 0:00:00
#9 3.298 Collecting scikit-learn==1.3.2 (from -r requirements.txt (line 9))
#9 3.327   Downloading scikit_learn-1.3.2-cp311-cp311-manylinux_2_17_x86_64.manylinux2014_x86_64.whl.metadata (11 kB)
#9 3.391 Collecting xgboost==2.0.2 (from -r requirements.txt (line 10))
#9 3.418   Downloading xgboost-2.0.2-py3-none-manylinux2014_x86_64.whl.metadata (2.0 kB)
#9 3.474 Collecting lightgbm==4.1.0 (from -r requirements.txt (line 11))
#9 3.501   Downloading lightgbm-4.1.0-py3-none-manylinux_2_28_x86_64.whl.metadata (19 kB)
#9 3.555 Collecting optuna==3.4.0 (from -r requirements.txt (line 12))
#9 3.583   Downloading optuna-3.4.0-py3-none-any.whl.metadata (17 kB)
#9 3.652 Collecting shap==0.43.0 (from -r requirements.txt (line 13))
#9 3.682   Downloading shap-0.43.0-cp311-cp311-manylinux_2_12_x86_64.manylinux2010_x86_64.manylinux_2_17_x86_64.manylinux2014_x86_64.whl.metadata (24 kB)
#9 3.740 Collecting joblib==1.3.2 (from -r requirements.txt (line 14))
#9 3.767   Downloading joblib-1.3.2-py3-none-any.whl.metadata (5.4 kB)
#9 3.818 Collecting python-dateutil==2.8.2 (from -r requirements.txt (line 15))
#9 3.851   Downloading python_dateutil-2.8.2-py2.py3-none-any.whl.metadata (8.2 kB)
#9 3.906 Collecting python-dotenv==1.0.0 (from -r requirements.txt (line 16))
#9 3.938   Downloading python_dotenv-1.0.0-py3-none-any.whl.metadata (21 kB)
#9 3.996 Collecting httpx==0.25.2 (from -r requirements.txt (line 17))
#9 4.024   Downloading httpx-0.25.2-py3-none-any.whl.metadata (6.9 kB)
#9 4.098 Collecting pytest==7.4.3 (from -r requirements.txt (line 18))
#9 4.130   Downloading pytest-7.4.3-py3-none-any.whl.metadata (7.9 kB)
#9 4.185 Collecting pytest-asyncio==0.21.1 (from -r requirements.txt (line 19))
#9 4.213   Downloading pytest_asyncio-0.21.1-py3-none-any.whl.metadata (4.0 kB)
#9 4.285 Collecting anyio<4.0.0,>=3.7.1 (from fastapi==0.104.1->-r requirements.txt (line 1))
#9 4.312   Downloading anyio-3.7.1-py3-none-any.whl.metadata (4.7 kB)
#9 4.381 Collecting starlette<0.28.0,>=0.27.0 (from fastapi==0.104.1->-r requirements.txt (line 1))
#9 4.410   Downloading starlette-0.27.0-py3-none-any.whl.metadata (5.8 kB)
#9 4.463 Collecting typing-extensions>=4.8.0 (from fastapi==0.104.1->-r requirements.txt (line 1))
#9 4.491   Downloading typing_extensions-4.14.0-py3-none-any.whl.metadata (3.0 kB)
#9 4.546 Collecting click>=7.0 (from uvicorn==0.24.0->-r requirements.txt (line 2))
#9 4.574   Downloading click-8.2.1-py3-none-any.whl.metadata (2.5 kB)
#9 4.629 Collecting h11>=0.8 (from uvicorn==0.24.0->-r requirements.txt (line 2))
#9 4.656   Downloading h11-0.16.0-py3-none-any.whl.metadata (8.3 kB)
#9 4.808 Collecting greenlet!=0.4.17 (from sqlalchemy==2.0.23->-r requirements.txt (line 3))
#9 4.842   Downloading greenlet-3.2.3-cp311-cp311-manylinux_2_24_x86_64.manylinux_2_28_x86_64.whl.metadata (4.1 kB)
#9 4.890 Collecting annotated-types>=0.4.0 (from pydantic==2.5.2->-r requirements.txt (line 5))
#9 4.919   Downloading annotated_types-0.7.0-py3-none-any.whl.metadata (15 kB)
#9 5.329 Collecting pydantic-core==2.14.5 (from pydantic==2.5.2->-r requirements.txt (line 5))
#9 5.359   Downloading pydantic_core-2.14.5-cp311-cp311-manylinux_2_17_x86_64.manylinux2014_x86_64.whl.metadata (6.5 kB)
#9 5.459 Collecting pytz>=2020.1 (from pandas==2.1.3->-r requirements.txt (line 7))
#9 5.485   Downloading pytz-2025.2-py2.py3-none-any.whl.metadata (22 kB)
#9 5.535 Collecting tzdata>=2022.1 (from pandas==2.1.3->-r requirements.txt (line 7))
#9 5.562   Downloading tzdata-2025.2-py2.py3-none-any.whl.metadata (1.4 kB)
#9 5.732 Collecting scipy>=1.5.0 (from scikit-learn==1.3.2->-r requirements.txt (line 9))
#9 5.763   Downloading scipy-1.16.0-cp311-cp311-manylinux2014_x86_64.manylinux_2_17_x86_64.whl.metadata (61 kB)
#9 5.768      ━━━━━━━━━━━━━━━━━━━━━━━━━━━━━━━━━━━━━━━━ 61.9/61.9 kB 21.2 MB/s eta 0:00:00
#9 5.830 Collecting threadpoolctl>=2.0.0 (from scikit-learn==1.3.2->-r requirements.txt (line 9))
#9 5.859   Downloading threadpoolctl-3.6.0-py3-none-any.whl.metadata (13 kB)
#9 5.952 Collecting alembic>=1.5.0 (from optuna==3.4.0->-r requirements.txt (line 12))
#9 5.982   Downloading alembic-1.16.2-py3-none-any.whl.metadata (7.3 kB)
#9 6.035 Collecting colorlog (from optuna==3.4.0->-r requirements.txt (line 12))
#9 6.064   Downloading colorlog-6.9.0-py3-none-any.whl.metadata (10 kB)
#9 6.131 Collecting packaging>=20.0 (from optuna==3.4.0->-r requirements.txt (line 12))
#9 6.157   Downloading packaging-25.0-py3-none-any.whl.metadata (3.3 kB)
#9 6.251 Collecting tqdm (from optuna==3.4.0->-r requirements.txt (line 12))
#9 6.280   Downloading tqdm-4.67.1-py3-none-any.whl.metadata (57 kB)
#9 6.285      ━━━━━━━━━━━━━━━━━━━━━━━━━━━━━━━━━━━━━━━━ 57.7/57.7 kB 32.7 MB/s eta 0:00:00
#9 6.346 Collecting PyYAML (from optuna==3.4.0->-r requirements.txt (line 12))
#9 6.373   Downloading PyYAML-6.0.2-cp311-cp311-manylinux_2_17_x86_64.manylinux2014_x86_64.whl.metadata (2.1 kB)
#9 6.446 Collecting slicer==0.0.7 (from shap==0.43.0->-r requirements.txt (line 13))
#9 6.474   Downloading slicer-0.0.7-py3-none-any.whl.metadata (3.7 kB)
#9 6.570 Collecting numba (from shap==0.43.0->-r requirements.txt (line 13))
#9 6.600   Downloading numba-0.61.2-cp311-cp311-manylinux2014_x86_64.manylinux_2_17_x86_64.whl.metadata (2.8 kB)
#9 6.688 Collecting cloudpickle (from shap==0.43.0->-r requirements.txt (line 13))
#9 6.726   Downloading cloudpickle-3.1.1-py3-none-any.whl.metadata (7.1 kB)
#9 6.784 Collecting six>=1.5 (from python-dateutil==2.8.2->-r requirements.txt (line 15))
#9 6.812   Downloading six-1.17.0-py2.py3-none-any.whl.metadata (1.7 kB)
#9 6.879 Collecting certifi (from httpx==0.25.2->-r requirements.txt (line 17))
#9 6.907   Downloading certifi-2025.6.15-py3-none-any.whl.metadata (2.4 kB)
#9 6.968 Collecting httpcore==1.* (from httpx==0.25.2->-r requirements.txt (line 17))
#9 6.997   Downloading httpcore-1.0.9-py3-none-any.whl.metadata (21 kB)
#9 7.155 Collecting idna (from httpx==0.25.2->-r requirements.txt (line 17))
#9 7.185   Downloading idna-3.10-py3-none-any.whl.metadata (10 kB)
#9 7.231 Collecting sniffio (from httpx==0.25.2->-r requirements.txt (line 17))
#9 7.261   Downloading sniffio-1.3.1-py3-none-any.whl.metadata (3.9 kB)
#9 7.321 Collecting iniconfig (from pytest==7.4.3->-r requirements.txt (line 18))
#9 7.367   Downloading iniconfig-2.1.0-py3-none-any.whl.metadata (2.7 kB)
#9 7.423 Collecting pluggy<2.0,>=0.12 (from pytest==7.4.3->-r requirements.txt (line 18))
#9 7.450   Downloading pluggy-1.6.0-py3-none-any.whl.metadata (4.8 kB)
#9 7.538 Collecting Mako (from alembic>=1.5.0->optuna==3.4.0->-r requirements.txt (line 12))
#9 7.583   Downloading mako-1.3.10-py3-none-any.whl.metadata (2.9 kB)
#9 7.757 Collecting llvmlite<0.45,>=0.44.0dev0 (from numba->shap==0.43.0->-r requirements.txt (line 13))
#9 7.783   Downloading llvmlite-0.44.0-cp311-cp311-manylinux_2_17_x86_64.manylinux2014_x86_64.whl.metadata (4.8 kB)
#9 7.855 Collecting MarkupSafe>=0.9.2 (from Mako->alembic>=1.5.0->optuna==3.4.0->-r requirements.txt (line 12))
#9 7.889   Downloading MarkupSafe-3.0.2-cp311-cp311-manylinux_2_17_x86_64.manylinux2014_x86_64.whl.metadata (4.0 kB)
#9 7.935 Downloading fastapi-0.104.1-py3-none-any.whl (92 kB)
#9 7.942    ━━━━━━━━━━━━━━━━━━━━━━━━━━━━━━━━━━━━━━━━ 92.9/92.9 kB 15.6 MB/s eta 0:00:00
#9 7.970 Downloading uvicorn-0.24.0-py3-none-any.whl (59 kB)
#9 7.973    ━━━━━━━━━━━━━━━━━━━━━━━━━━━━━━━━━━━━━━━━ 59.6/59.6 kB 57.5 MB/s eta 0:00:00
#9 8.002 Downloading SQLAlchemy-2.0.23-cp311-cp311-manylinux_2_17_x86_64.manylinux2014_x86_64.whl (3.2 MB)
#9 8.106    ━━━━━━━━━━━━━━━━━━━━━━━━━━━━━━━━━━━━━━━━ 3.2/3.2 MB 30.7 MB/s eta 0:00:00
#9 8.137 Downloading psycopg2_binary-2.9.9-cp311-cp311-manylinux_2_17_x86_64.manylinux2014_x86_64.whl (3.0 MB)
#9 8.169    ━━━━━━━━━━━━━━━━━━━━━━━━━━━━━━━━━━━━━━━━ 3.0/3.0 MB 100.9 MB/s eta 0:00:00
#9 8.199 Downloading pydantic-2.5.2-py3-none-any.whl (381 kB)
#9 8.208    ━━━━━━━━━━━━━━━━━━━━━━━━━━━━━━━━━━━━━━━━ 381.9/381.9 kB 71.0 MB/s eta 0:00:00
#9 8.240 Downloading pydantic_settings-2.1.0-py3-none-any.whl (11 kB)
#9 8.272 Downloading pandas-2.1.3-cp311-cp311-manylinux_2_17_x86_64.manylinux2014_x86_64.whl (12.2 MB)
#9 8.410    ━━━━━━━━━━━━━━━━━━━━━━━━━━━━━━━━━━━━━━━━ 12.2/12.2 MB 103.1 MB/s eta 0:00:00
#9 8.439 Downloading numpy-1.26.2-cp311-cp311-manylinux_2_17_x86_64.manylinux2014_x86_64.whl (18.2 MB)
#9 8.629    ━━━━━━━━━━━━━━━━━━━━━━━━━━━━━━━━━━━━━━━━ 18.2/18.2 MB 90.0 MB/s eta 0:00:00
#9 8.660 Downloading scikit_learn-1.3.2-cp311-cp311-manylinux_2_17_x86_64.manylinux2014_x86_64.whl (10.9 MB)
#9 8.769    ━━━━━━━━━━━━━━━━━━━━━━━━━━━━━━━━━━━━━━━━ 10.9/10.9 MB 101.2 MB/s eta 0:00:00
#9 8.799 Downloading xgboost-2.0.2-py3-none-manylinux2014_x86_64.whl (297.1 MB)
#9 12.09    ━━━━━━━━━━━━━━━━━━━━━━━━━━━━━━━━━━━━━━━━ 297.1/297.1 MB 90.0 MB/s eta 0:00:00
#9 12.13 Downloading lightgbm-4.1.0-py3-none-manylinux_2_28_x86_64.whl (3.1 MB)
#9 12.16    ━━━━━━━━━━━━━━━━━━━━━━━━━━━━━━━━━━━━━━━━ 3.1/3.1 MB 114.6 MB/s eta 0:00:00
#9 12.20 Downloading optuna-3.4.0-py3-none-any.whl (409 kB)
#9 12.21    ━━━━━━━━━━━━━━━━━━━━━━━━━━━━━━━━━━━━━━━━ 409.6/409.6 kB 61.3 MB/s eta 0:00:00
#9 12.24 Downloading shap-0.43.0-cp311-cp311-manylinux_2_12_x86_64.manylinux2010_x86_64.manylinux_2_17_x86_64.manylinux2014_x86_64.whl (532 kB)
#9 12.25    ━━━━━━━━━━━━━━━━━━━━━━━━━━━━━━━━━━━━━━━━ 532.9/532.9 kB 93.1 MB/s eta 0:00:00
#9 12.29 Downloading joblib-1.3.2-py3-none-any.whl (302 kB)
#9 12.30    ━━━━━━━━━━━━━━━━━━━━━━━━━━━━━━━━━━━━━━━ 302.2/302.2 kB 136.7 MB/s eta 0:00:00
#9 12.33 Downloading python_dateutil-2.8.2-py2.py3-none-any.whl (247 kB)
#9 12.34    ━━━━━━━━━━━━━━━━━━━━━━━━━━━━━━━━━━━━━━━ 247.7/247.7 kB 185.4 MB/s eta 0:00:00
#9 12.37 Downloading python_dotenv-1.0.0-py3-none-any.whl (19 kB)
#9 12.40 Downloading httpx-0.25.2-py3-none-any.whl (74 kB)
#9 12.40    ━━━━━━━━━━━━━━━━━━━━━━━━━━━━━━━━━━━━━━━━ 75.0/75.0 kB 123.7 MB/s eta 0:00:00
#9 12.43 Downloading pytest-7.4.3-py3-none-any.whl (325 kB)
#9 12.43    ━━━━━━━━━━━━━━━━━━━━━━━━━━━━━━━━━━━━━━━ 325.1/325.1 kB 388.5 MB/s eta 0:00:00
#9 12.46 Downloading pytest_asyncio-0.21.1-py3-none-any.whl (13 kB)
#9 12.50 Downloading httpcore-1.0.9-py3-none-any.whl (78 kB)
#9 12.50    ━━━━━━━━━━━━━━━━━━━━━━━━━━━━━━━━━━━━━━━━ 78.8/78.8 kB 123.1 MB/s eta 0:00:00
#9 12.53 Downloading pydantic_core-2.14.5-cp311-cp311-manylinux_2_17_x86_64.manylinux2014_x86_64.whl (2.1 MB)
#9 12.56    ━━━━━━━━━━━━━━━━━━━━━━━━━━━━━━━━━━━━━━━━ 2.1/2.1 MB 81.5 MB/s eta 0:00:00
#9 12.59 Downloading slicer-0.0.7-py3-none-any.whl (14 kB)
#9 12.62 Downloading alembic-1.16.2-py3-none-any.whl (242 kB)
#9 12.63    ━━━━━━━━━━━━━━━━━━━━━━━━━━━━━━━━━━━━━━━ 242.7/242.7 kB 125.7 MB/s eta 0:00:00
#9 12.66 Downloading annotated_types-0.7.0-py3-none-any.whl (13 kB)
#9 12.69 Downloading anyio-3.7.1-py3-none-any.whl (80 kB)
#9 12.69    ━━━━━━━━━━━━━━━━━━━━━━━━━━━━━━━━━━━━━━━━ 80.9/80.9 kB 119.8 MB/s eta 0:00:00
#9 12.72 Downloading click-8.2.1-py3-none-any.whl (102 kB)
#9 12.73    ━━━━━━━━━━━━━━━━━━━━━━━━━━━━━━━━━━━━━━━ 102.2/102.2 kB 119.1 MB/s eta 0:00:00
#9 12.76 Downloading greenlet-3.2.3-cp311-cp311-manylinux_2_24_x86_64.manylinux_2_28_x86_64.whl (585 kB)
#9 12.77    ━━━━━━━━━━━━━━━━━━━━━━━━━━━━━━━━━━━━━━━━ 585.5/585.5 kB 81.8 MB/s eta 0:00:00
#9 12.80 Downloading h11-0.16.0-py3-none-any.whl (37 kB)
#9 12.83 Downloading idna-3.10-py3-none-any.whl (70 kB)
#9 12.83    ━━━━━━━━━━━━━━━━━━━━━━━━━━━━━━━━━━━━━━━━ 70.4/70.4 kB 122.6 MB/s eta 0:00:00
#9 12.86 Downloading packaging-25.0-py3-none-any.whl (66 kB)
#9 12.86    ━━━━━━━━━━━━━━━━━━━━━━━━━━━━━━━━━━━━━━━━ 66.5/66.5 kB 108.6 MB/s eta 0:00:00
#9 12.90 Downloading pluggy-1.6.0-py3-none-any.whl (20 kB)
#9 12.93 Downloading pytz-2025.2-py2.py3-none-any.whl (509 kB)
#9 12.94    ━━━━━━━━━━━━━━━━━━━━━━━━━━━━━━━━━━━━━━━ 509.2/509.2 kB 115.0 MB/s eta 0:00:00
#9 12.97 Downloading scipy-1.16.0-cp311-cp311-manylinux2014_x86_64.manylinux_2_17_x86_64.whl (35.3 MB)
#9 13.35    ━━━━━━━━━━━━━━━━━━━━━━━━━━━━━━━━━━━━━━━━ 35.3/35.3 MB 89.4 MB/s eta 0:00:00
#9 13.37 Downloading six-1.17.0-py2.py3-none-any.whl (11 kB)
#9 13.40 Downloading sniffio-1.3.1-py3-none-any.whl (10 kB)
#9 13.43 Downloading starlette-0.27.0-py3-none-any.whl (66 kB)
#9 13.44    ━━━━━━━━━━━━━━━━━━━━━━━━━━━━━━━━━━━━━━━━ 67.0/67.0 kB 114.8 MB/s eta 0:00:00
#9 13.47 Downloading threadpoolctl-3.6.0-py3-none-any.whl (18 kB)
#9 13.50 Downloading tqdm-4.67.1-py3-none-any.whl (78 kB)
#9 13.50    ━━━━━━━━━━━━━━━━━━━━━━━━━━━━━━━━━━━━━━━━ 78.5/78.5 kB 118.0 MB/s eta 0:00:00
#9 13.53 Downloading typing_extensions-4.14.0-py3-none-any.whl (43 kB)
#9 13.54    ━━━━━━━━━━━━━━━━━━━━━━━━━━━━━━━━━━━━━━━━ 43.8/43.8 kB 49.0 MB/s eta 0:00:00
#9 13.57 Downloading tzdata-2025.2-py2.py3-none-any.whl (347 kB)
#9 13.57    ━━━━━━━━━━━━━━━━━━━━━━━━━━━━━━━━━━━━━━━━ 347.8/347.8 kB 97.5 MB/s eta 0:00:00
#9 13.60 Downloading certifi-2025.6.15-py3-none-any.whl (157 kB)
#9 13.61    ━━━━━━━━━━━━━━━━━━━━━━━━━━━━━━━━━━━━━━━ 157.7/157.7 kB 124.4 MB/s eta 0:00:00
#9 13.63 Downloading cloudpickle-3.1.1-py3-none-any.whl (20 kB)
#9 13.66 Downloading colorlog-6.9.0-py3-none-any.whl (11 kB)
#9 13.69 Downloading iniconfig-2.1.0-py3-none-any.whl (6.0 kB)
#9 13.73 Downloading numba-0.61.2-cp311-cp311-manylinux2014_x86_64.manylinux_2_17_x86_64.whl (3.8 MB)
#9 13.76    ━━━━━━━━━━━━━━━━━━━━━━━━━━━━━━━━━━━━━━━━ 3.8/3.8 MB 123.7 MB/s eta 0:00:00
#9 13.79 Downloading PyYAML-6.0.2-cp311-cp311-manylinux_2_17_x86_64.manylinux2014_x86_64.whl (762 kB)
#9 13.80    ━━━━━━━━━━━━━━━━━━━━━━━━━━━━━━━━━━━━━━━ 763.0/763.0 kB 116.6 MB/s eta 0:00:00
#9 13.85 Downloading llvmlite-0.44.0-cp311-cp311-manylinux_2_17_x86_64.manylinux2014_x86_64.whl (42.4 MB)
#9 14.31    ━━━━━━━━━━━━━━━━━━━━━━━━━━━━━━━━━━━━━━━━ 42.4/42.4 MB 90.9 MB/s eta 0:00:00
#9 14.34 Downloading mako-1.3.10-py3-none-any.whl (78 kB)
#9 14.34    ━━━━━━━━━━━━━━━━━━━━━━━━━━━━━━━━━━━━━━━━ 78.5/78.5 kB 435.7 MB/s eta 0:00:00
#9 14.37 Downloading MarkupSafe-3.0.2-cp311-cp311-manylinux_2_17_x86_64.manylinux2014_x86_64.whl (23 kB)
#9 14.84 Installing collected packages: pytz, tzdata, typing-extensions, tqdm, threadpoolctl, sniffio, slicer, six, PyYAML, python-dotenv, psycopg2-binary, pluggy, packaging, numpy, MarkupSafe, llvmlite, joblib, iniconfig, idna, h11, greenlet, colorlog, cloudpickle, click, certifi, annotated-types, uvicorn, sqlalchemy, scipy, python-dateutil, pytest, pydantic-core, numba, Mako, httpcore, anyio, xgboost, starlette, scikit-learn, pytest-asyncio, pydantic, pandas, lightgbm, httpx, alembic, shap, pydantic-settings, optuna, fastapi
#9 27.13 Successfully installed Mako-1.3.10 MarkupSafe-3.0.2 PyYAML-6.0.2 alembic-1.16.2 annotated-types-0.7.0 anyio-3.7.1 certifi-2025.6.15 click-8.2.1 cloudpickle-3.1.1 colorlog-6.9.0 fastapi-0.104.1 greenlet-3.2.3 h11-0.16.0 httpcore-1.0.9 httpx-0.25.2 idna-3.10 iniconfig-2.1.0 joblib-1.3.2 lightgbm-4.1.0 llvmlite-0.44.0 numba-0.61.2 numpy-1.26.2 optuna-3.4.0 packaging-25.0 pandas-2.1.3 pluggy-1.6.0 psycopg2-binary-2.9.9 pydantic-2.5.2 pydantic-core-2.14.5 pydantic-settings-2.1.0 pytest-7.4.3 pytest-asyncio-0.21.1 python-dateutil-2.8.2 python-dotenv-1.0.0 pytz-2025.2 scikit-learn-1.3.2 scipy-1.16.0 shap-0.43.0 six-1.17.0 slicer-0.0.7 sniffio-1.3.1 sqlalchemy-2.0.23 starlette-0.27.0 threadpoolctl-3.6.0 tqdm-4.67.1 typing-extensions-4.14.0 tzdata-2025.2 uvicorn-0.24.0 xgboost-2.0.2
#9 27.13 WARNING: Running pip as the 'root' user can result in broken permissions and conflicting behaviour with the system package manager. It is recommended to use a virtual environment instead: https://pip.pypa.io/warnings/venv
#9 27.39 
#9 27.39 [notice] A new release of pip is available: 24.0 -> 25.1.1
#9 27.39 [notice] To update, run: pip install --upgrade pip
#9 DONE 28.0s

#10 [6/7] COPY . .
#10 DONE 0.1s

#11 [7/7] RUN mkdir -p /app/models
#11 DONE 0.2s

#12 exporting to image
#12 exporting layers
ERROR: failed to receive status: rpc error: code = Unavailable desc = error reading from server: EOF
Service 'model-server' failed to build : Build failed
