Creating network "biuai_app-network" with driver "bridge"
Building model-server
#0 building with "desktop-linux" instance using docker driver

#1 [internal] load build definition from Dockerfile
#1 transferring dockerfile: 694B done
#1 DONE 0.0s

#2 [internal] load metadata for docker.io/library/python:3.11-slim
#2 DONE 0.0s

#3 [internal] load .dockerignore
#3 transferring context: 2B done
#3 DONE 0.0s

#4 [1/7] FROM docker.io/library/python:3.11-slim
#4 DONE 0.0s

#5 [internal] load build context
#5 transferring context: 3.44kB done
#5 DONE 0.0s

#6 [4/7] RUN mkdir -p /app/models
#6 CACHED

#7 [2/7] WORKDIR /app
#7 CACHED

#8 [3/7] RUN apt-get update && apt-get install -y     build-essential     curl     && rm -rf /var/lib/apt/lists/*
#8 CACHED

#9 [5/7] COPY requirements.txt .
#9 CACHED

#10 [6/7] RUN pip install --no-cache-dir -r requirements.txt &&     pip install --no-cache-dir --upgrade pip
#10 CACHED

#11 [7/7] COPY . .
#11 DONE 0.0s

#12 exporting to image
#12 exporting layers done
#12 writing image sha256:a1544dea15150d296b44a295df40f8185c4683fda5b2645dbc30eca33e54f4fe done
#12 naming to docker.io/library/biuai_model-server done
#12 DONE 0.0s
Building backend
#0 building with "desktop-linux" instance using docker driver

#1 [internal] load build definition from Dockerfile
#1 transferring dockerfile: 633B done
#1 DONE 0.0s

#2 [internal] load metadata for docker.io/library/python:3.11-slim
#2 DONE 0.0s

#3 [internal] load .dockerignore
#3 transferring context: 2B done
#3 DONE 0.0s

#4 [1/6] FROM docker.io/library/python:3.11-slim
#4 DONE 0.0s

#5 [internal] load build context
#5 transferring context: 12.35kB done
#5 DONE 0.0s

#6 [2/6] WORKDIR /app
#6 CACHED

#7 [3/6] RUN apt-get update && apt-get install -y     build-essential     curl     && rm -rf /var/lib/apt/lists/*
#7 CACHED

#8 [4/6] COPY requirements.txt .
#8 DONE 0.0s

#9 [5/6] RUN pip install --no-cache-dir -r requirements.txt &&     pip install --no-cache-dir --upgrade pip
#9 1.071 Collecting fastapi==0.104.1 (from -r requirements.txt (line 1))
#9 1.192   Downloading fastapi-0.104.1-py3-none-any.whl.metadata (24 kB)
#9 1.244 Collecting uvicorn==0.24.0 (from -r requirements.txt (line 2))
#9 1.274   Downloading uvicorn-0.24.0-py3-none-any.whl.metadata (6.4 kB)
#9 1.488 Collecting sqlalchemy==2.0.23 (from -r requirements.txt (line 3))
#9 1.517   Downloading SQLAlchemy-2.0.23-cp311-cp311-manylinux_2_17_x86_64.manylinux2014_x86_64.whl.metadata (9.6 kB)
#9 1.588 Collecting psycopg2-binary==2.9.9 (from -r requirements.txt (line 4))
#9 1.617   Downloading psycopg2_binary-2.9.9-cp311-cp311-manylinux_2_17_x86_64.manylinux2014_x86_64.whl.metadata (4.4 kB)
#9 1.704 Collecting pydantic==2.5.2 (from -r requirements.txt (line 5))
#9 1.733   Downloading pydantic-2.5.2-py3-none-any.whl.metadata (65 kB)
#9 1.762      ━━━━━━━━━━━━━━━━━━━━━━━━━━━━━━━━━━━━━━━━ 65.2/65.2 kB 2.3 MB/s eta 0:00:00
#9 1.810 Collecting pydantic-settings==2.1.0 (from -r requirements.txt (line 6))
#9 1.838   Downloading pydantic_settings-2.1.0-py3-none-any.whl.metadata (2.9 kB)
#9 1.880 Collecting python-jose==3.3.0 (from python-jose[cryptography]==3.3.0->-r requirements.txt (line 7))
#9 1.907   Downloading python_jose-3.3.0-py2.py3-none-any.whl.metadata (5.4 kB)
#9 1.937 Collecting passlib==1.7.4 (from passlib[bcrypt]==1.7.4->-r requirements.txt (line 8))
#9 1.965   Downloading passlib-1.7.4-py2.py3-none-any.whl.metadata (1.7 kB)
#9 2.011 Collecting python-multipart==0.0.6 (from -r requirements.txt (line 9))
#9 2.038   Downloading python_multipart-0.0.6-py3-none-any.whl.metadata (2.5 kB)
#9 2.175 Collecting alembic==1.12.1 (from -r requirements.txt (line 10))
#9 2.207   Downloading alembic-1.12.1-py3-none-any.whl.metadata (7.3 kB)
#9 2.289 Collecting pandas==2.1.3 (from -r requirements.txt (line 11))
#9 2.321   Downloading pandas-2.1.3-cp311-cp311-manylinux_2_17_x86_64.manylinux2014_x86_64.whl.metadata (18 kB)
#9 2.459 Collecting numpy==1.26.2 (from -r requirements.txt (line 12))
#9 2.489   Downloading numpy-1.26.2-cp311-cp311-manylinux_2_17_x86_64.manylinux2014_x86_64.whl.metadata (61 kB)
#9 2.495      ━━━━━━━━━━━━━━━━━━━━━━━━━━━━━━━━━━━━━━━━ 61.2/61.2 kB 11.8 MB/s eta 0:00:00
#9 2.572 Collecting scikit-learn==1.3.2 (from -r requirements.txt (line 13))
#9 2.599   Downloading scikit_learn-1.3.2-cp311-cp311-manylinux_2_17_x86_64.manylinux2014_x86_64.whl.metadata (11 kB)
#9 2.631 Collecting python-dateutil==2.8.2 (from -r requirements.txt (line 14))
#9 2.661   Downloading python_dateutil-2.8.2-py2.py3-none-any.whl.metadata (8.2 kB)
#9 2.720 Collecting redis==5.0.1 (from -r requirements.txt (line 15))
#9 2.751   Downloading redis-5.0.1-py3-none-any.whl.metadata (8.9 kB)
#9 2.803 Collecting httpx==0.25.2 (from -r requirements.txt (line 16))
#9 2.832   Downloading httpx-0.25.2-py3-none-any.whl.metadata (6.9 kB)
#9 2.884 Collecting pytest==7.4.3 (from -r requirements.txt (line 17))
#9 2.913   Downloading pytest-7.4.3-py3-none-any.whl.metadata (7.9 kB)
#9 2.951 Collecting pytest-asyncio==0.21.1 (from -r requirements.txt (line 18))
#9 2.979   Downloading pytest_asyncio-0.21.1-py3-none-any.whl.metadata (4.0 kB)
#9 3.286 Collecting aiohttp==3.9.1 (from -r requirements.txt (line 19))
#9 3.314   Downloading aiohttp-3.9.1-cp311-cp311-manylinux_2_17_x86_64.manylinux2014_x86_64.whl.metadata (7.4 kB)
#9 3.362 Collecting asyncpg==0.29.0 (from -r requirements.txt (line 20))
#9 3.390   Downloading asyncpg-0.29.0-cp311-cp311-manylinux_2_17_x86_64.manylinux2014_x86_64.whl.metadata (4.4 kB)
#9 3.432 Collecting python-dotenv==1.0.0 (from -r requirements.txt (line 21))
#9 3.460   Downloading python_dotenv-1.0.0-py3-none-any.whl.metadata (21 kB)
#9 3.493 Collecting email-validator==2.1.0.post1 (from -r requirements.txt (line 22))
#9 3.521   Downloading email_validator-2.1.0.post1-py3-none-any.whl.metadata (25 kB)
#9 3.566 Collecting anyio<4.0.0,>=3.7.1 (from fastapi==0.104.1->-r requirements.txt (line 1))
#9 3.594   Downloading anyio-3.7.1-py3-none-any.whl.metadata (4.7 kB)
#9 3.652 Collecting starlette<0.28.0,>=0.27.0 (from fastapi==0.104.1->-r requirements.txt (line 1))
#9 3.684   Downloading starlette-0.27.0-py3-none-any.whl.metadata (5.8 kB)
#9 3.720 Collecting typing-extensions>=4.8.0 (from fastapi==0.104.1->-r requirements.txt (line 1))
#9 3.746   Downloading typing_extensions-4.14.0-py3-none-any.whl.metadata (3.0 kB)
#9 3.797 Collecting click>=7.0 (from uvicorn==0.24.0->-r requirements.txt (line 2))
#9 3.825   Downloading click-8.2.1-py3-none-any.whl.metadata (2.5 kB)
#9 3.856 Collecting h11>=0.8 (from uvicorn==0.24.0->-r requirements.txt (line 2))
#9 3.885   Downloading h11-0.16.0-py3-none-any.whl.metadata (8.3 kB)
#9 4.030 Collecting greenlet!=0.4.17 (from sqlalchemy==2.0.23->-r requirements.txt (line 3))
#9 4.057   Downloading greenlet-3.2.3-cp311-cp311-manylinux_2_24_x86_64.manylinux_2_28_x86_64.whl.metadata (4.1 kB)
#9 4.091 Collecting annotated-types>=0.4.0 (from pydantic==2.5.2->-r requirements.txt (line 5))
#9 4.120   Downloading annotated_types-0.7.0-py3-none-any.whl.metadata (15 kB)
#9 4.504 Collecting pydantic-core==2.14.5 (from pydantic==2.5.2->-r requirements.txt (line 5))
#9 4.534   Downloading pydantic_core-2.14.5-cp311-cp311-manylinux_2_17_x86_64.manylinux2014_x86_64.whl.metadata (6.5 kB)
#9 4.589 Collecting ecdsa!=0.15 (from python-jose==3.3.0->python-jose[cryptography]==3.3.0->-r requirements.txt (line 7))
#9 4.617   Downloading ecdsa-0.19.1-py2.py3-none-any.whl.metadata (29 kB)
#9 4.651 Collecting rsa (from python-jose==3.3.0->python-jose[cryptography]==3.3.0->-r requirements.txt (line 7))
#9 4.677   Downloading rsa-4.9.1-py3-none-any.whl.metadata (5.6 kB)
#9 4.716 Collecting pyasn1 (from python-jose==3.3.0->python-jose[cryptography]==3.3.0->-r requirements.txt (line 7))
#9 4.743   Downloading pyasn1-0.6.1-py3-none-any.whl.metadata (8.4 kB)
#9 4.794 Collecting Mako (from alembic==1.12.1->-r requirements.txt (line 10))
#9 4.822   Downloading mako-1.3.10-py3-none-any.whl.metadata (2.9 kB)
#9 4.899 Collecting pytz>=2020.1 (from pandas==2.1.3->-r requirements.txt (line 11))
#9 4.928   Downloading pytz-2025.2-py2.py3-none-any.whl.metadata (22 kB)
#9 4.966 Collecting tzdata>=2022.1 (from pandas==2.1.3->-r requirements.txt (line 11))
#9 4.993   Downloading tzdata-2025.2-py2.py3-none-any.whl.metadata (1.4 kB)
#9 5.092 Collecting scipy>=1.5.0 (from scikit-learn==1.3.2->-r requirements.txt (line 13))
#9 5.122   Downloading scipy-1.16.0-cp311-cp311-manylinux2014_x86_64.manylinux_2_17_x86_64.whl.metadata (61 kB)
#9 5.128      ━━━━━━━━━━━━━━━━━━━━━━━━━━━━━━━━━━━━━━━━ 61.9/61.9 kB 11.6 MB/s eta 0:00:00
#9 5.171 Collecting joblib>=1.1.1 (from scikit-learn==1.3.2->-r requirements.txt (line 13))
#9 5.201   Downloading joblib-1.5.1-py3-none-any.whl.metadata (5.6 kB)
#9 5.231 Collecting threadpoolctl>=2.0.0 (from scikit-learn==1.3.2->-r requirements.txt (line 13))
#9 5.259   Downloading threadpoolctl-3.6.0-py3-none-any.whl.metadata (13 kB)
#9 5.293 Collecting six>=1.5 (from python-dateutil==2.8.2->-r requirements.txt (line 14))
#9 5.320   Downloading six-1.17.0-py2.py3-none-any.whl.metadata (1.7 kB)
#9 5.362 Collecting certifi (from httpx==0.25.2->-r requirements.txt (line 16))
#9 5.389   Downloading certifi-2025.6.15-py3-none-any.whl.metadata (2.4 kB)
#9 5.424 Collecting httpcore==1.* (from httpx==0.25.2->-r requirements.txt (line 16))
#9 5.450   Downloading httpcore-1.0.9-py3-none-any.whl.metadata (21 kB)
#9 5.485 Collecting idna (from httpx==0.25.2->-r requirements.txt (line 16))
#9 5.512   Downloading idna-3.10-py3-none-any.whl.metadata (10 kB)
#9 5.541 Collecting sniffio (from httpx==0.25.2->-r requirements.txt (line 16))
#9 5.569   Downloading sniffio-1.3.1-py3-none-any.whl.metadata (3.9 kB)
#9 5.604 Collecting iniconfig (from pytest==7.4.3->-r requirements.txt (line 17))
#9 5.633   Downloading iniconfig-2.1.0-py3-none-any.whl.metadata (2.7 kB)
#9 5.667 Collecting packaging (from pytest==7.4.3->-r requirements.txt (line 17))
#9 5.693   Downloading packaging-25.0-py3-none-any.whl.metadata (3.3 kB)
#9 5.724 Collecting pluggy<2.0,>=0.12 (from pytest==7.4.3->-r requirements.txt (line 17))
#9 5.753   Downloading pluggy-1.6.0-py3-none-any.whl.metadata (4.8 kB)
#9 5.803 Collecting attrs>=17.3.0 (from aiohttp==3.9.1->-r requirements.txt (line 19))
#9 5.832   Downloading attrs-25.3.0-py3-none-any.whl.metadata (10 kB)
#9 6.045 Collecting multidict<7.0,>=4.5 (from aiohttp==3.9.1->-r requirements.txt (line 19))
#9 6.075   Downloading multidict-6.6.2-cp311-cp311-manylinux2014_x86_64.manylinux_2_17_x86_64.manylinux_2_28_x86_64.whl.metadata (5.3 kB)
#9 6.236 Collecting yarl<2.0,>=1.0 (from aiohttp==3.9.1->-r requirements.txt (line 19))
#9 6.264   Downloading yarl-1.20.1-cp311-cp311-manylinux_2_17_x86_64.manylinux2014_x86_64.whl.metadata (73 kB)
#9 6.272      ━━━━━━━━━━━━━━━━━━━━━━━━━━━━━━━━━━━━━━━━ 73.9/73.9 kB 9.7 MB/s eta 0:00:00
#9 6.333 Collecting frozenlist>=1.1.1 (from aiohttp==3.9.1->-r requirements.txt (line 19))
#9 6.361   Downloading frozenlist-1.7.0-cp311-cp311-manylinux_2_5_x86_64.manylinux1_x86_64.manylinux_2_17_x86_64.manylinux2014_x86_64.whl.metadata (18 kB)
#9 6.401 Collecting aiosignal>=1.1.2 (from aiohttp==3.9.1->-r requirements.txt (line 19))
#9 6.431   Downloading aiosignal-1.3.2-py2.py3-none-any.whl.metadata (3.8 kB)
#9 6.473 Collecting async-timeout>=4.0.3 (from asyncpg==0.29.0->-r requirements.txt (line 20))
#9 6.505   Downloading async_timeout-5.0.1-py3-none-any.whl.metadata (5.1 kB)
#9 6.565 Collecting dnspython>=2.0.0 (from email-validator==2.1.0.post1->-r requirements.txt (line 22))
#9 6.594   Downloading dnspython-2.7.0-py3-none-any.whl.metadata (5.8 kB)
#9 6.646 Collecting bcrypt>=3.1.0 (from passlib[bcrypt]==1.7.4->-r requirements.txt (line 8))
#9 6.673   Downloading bcrypt-4.3.0-cp39-abi3-manylinux_2_34_x86_64.whl.metadata (10 kB)
#9 6.872 Collecting cryptography>=3.4.0 (from python-jose[cryptography]==3.3.0->-r requirements.txt (line 7))
#9 6.899   Downloading cryptography-45.0.4-cp311-abi3-manylinux_2_34_x86_64.whl.metadata (5.7 kB)
#9 7.032 Collecting cffi>=1.14 (from cryptography>=3.4.0->python-jose[cryptography]==3.3.0->-r requirements.txt (line 7))
#9 7.060   Downloading cffi-1.17.1-cp311-cp311-manylinux_2_17_x86_64.manylinux2014_x86_64.whl.metadata (1.5 kB)
#9 7.199 Collecting propcache>=0.2.1 (from yarl<2.0,>=1.0->aiohttp==3.9.1->-r requirements.txt (line 19))
#9 7.226   Downloading propcache-0.3.2-cp311-cp311-manylinux_2_17_x86_64.manylinux2014_x86_64.whl.metadata (12 kB)
#9 7.292 Collecting MarkupSafe>=0.9.2 (from Mako->alembic==1.12.1->-r requirements.txt (line 10))
#9 7.322   Downloading MarkupSafe-3.0.2-cp311-cp311-manylinux_2_17_x86_64.manylinux2014_x86_64.whl.metadata (4.0 kB)
#9 7.373 Collecting pycparser (from cffi>=1.14->cryptography>=3.4.0->python-jose[cryptography]==3.3.0->-r requirements.txt (line 7))
#9 7.399   Downloading pycparser-2.22-py3-none-any.whl.metadata (943 bytes)
#9 7.444 Downloading fastapi-0.104.1-py3-none-any.whl (92 kB)
#9 7.450    ━━━━━━━━━━━━━━━━━━━━━━━━━━━━━━━━━━━━━━━━ 92.9/92.9 kB 15.8 MB/s eta 0:00:00
#9 7.480 Downloading uvicorn-0.24.0-py3-none-any.whl (59 kB)
#9 7.484    ━━━━━━━━━━━━━━━━━━━━━━━━━━━━━━━━━━━━━━━━ 59.6/59.6 kB 24.6 MB/s eta 0:00:00
#9 7.515 Downloading SQLAlchemy-2.0.23-cp311-cp311-manylinux_2_17_x86_64.manylinux2014_x86_64.whl (3.2 MB)
#9 7.621    ━━━━━━━━━━━━━━━━━━━━━━━━━━━━━━━━━━━━━━━━ 3.2/3.2 MB 31.0 MB/s eta 0:00:00
#9 7.648 Downloading psycopg2_binary-2.9.9-cp311-cp311-manylinux_2_17_x86_64.manylinux2014_x86_64.whl (3.0 MB)
#9 7.675    ━━━━━━━━━━━━━━━━━━━━━━━━━━━━━━━━━━━━━━━━ 3.0/3.0 MB 121.5 MB/s eta 0:00:00
#9 7.703 Downloading pydantic-2.5.2-py3-none-any.whl (381 kB)
#9 7.708    ━━━━━━━━━━━━━━━━━━━━━━━━━━━━━━━━━━━━━━━ 381.9/381.9 kB 108.6 MB/s eta 0:00:00
#9 7.737 Downloading pydantic_settings-2.1.0-py3-none-any.whl (11 kB)
#9 7.767 Downloading python_jose-3.3.0-py2.py3-none-any.whl (33 kB)
#9 7.795 Downloading passlib-1.7.4-py2.py3-none-any.whl (525 kB)
#9 7.801    ━━━━━━━━━━━━━━━━━━━━━━━━━━━━━━━━━━━━━━━ 525.6/525.6 kB 162.6 MB/s eta 0:00:00
#9 7.831 Downloading python_multipart-0.0.6-py3-none-any.whl (45 kB)
#9 7.832    ━━━━━━━━━━━━━━━━━━━━━━━━━━━━━━━━━━━━━━━━ 45.7/45.7 kB 542.5 MB/s eta 0:00:00
#9 7.865 Downloading alembic-1.12.1-py3-none-any.whl (226 kB)
#9 7.868    ━━━━━━━━━━━━━━━━━━━━━━━━━━━━━━━━━━━━━━━ 226.8/226.8 kB 296.5 MB/s eta 0:00:00
#9 7.899 Downloading pandas-2.1.3-cp311-cp311-manylinux_2_17_x86_64.manylinux2014_x86_64.whl (12.2 MB)
#9 8.027    ━━━━━━━━━━━━━━━━━━━━━━━━━━━━━━━━━━━━━━━━ 12.2/12.2 MB 93.6 MB/s eta 0:00:00
#9 8.055 Downloading numpy-1.26.2-cp311-cp311-manylinux_2_17_x86_64.manylinux2014_x86_64.whl (18.2 MB)
#9 8.246    ━━━━━━━━━━━━━━━━━━━━━━━━━━━━━━━━━━━━━━━━ 18.2/18.2 MB 90.9 MB/s eta 0:00:00
#9 8.277 Downloading scikit_learn-1.3.2-cp311-cp311-manylinux_2_17_x86_64.manylinux2014_x86_64.whl (10.9 MB)
#9 8.386    ━━━━━━━━━━━━━━━━━━━━━━━━━━━━━━━━━━━━━━━━ 10.9/10.9 MB 99.5 MB/s eta 0:00:00
#9 8.415 Downloading python_dateutil-2.8.2-py2.py3-none-any.whl (247 kB)
#9 8.419    ━━━━━━━━━━━━━━━━━━━━━━━━━━━━━━━━━━━━━━━ 247.7/247.7 kB 288.4 MB/s eta 0:00:00
#9 8.447 Downloading redis-5.0.1-py3-none-any.whl (250 kB)
#9 8.451    ━━━━━━━━━━━━━━━━━━━━━━━━━━━━━━━━━━━━━━━ 250.3/250.3 kB 223.6 MB/s eta 0:00:00
#9 8.482 Downloading httpx-0.25.2-py3-none-any.whl (74 kB)
#9 8.485    ━━━━━━━━━━━━━━━━━━━━━━━━━━━━━━━━━━━━━━━━ 75.0/75.0 kB 199.5 MB/s eta 0:00:00
#9 8.517 Downloading pytest-7.4.3-py3-none-any.whl (325 kB)
#9 8.521    ━━━━━━━━━━━━━━━━━━━━━━━━━━━━━━━━━━━━━━━ 325.1/325.1 kB 212.8 MB/s eta 0:00:00
#9 8.553 Downloading pytest_asyncio-0.21.1-py3-none-any.whl (13 kB)
#9 8.583 Downloading aiohttp-3.9.1-cp311-cp311-manylinux_2_17_x86_64.manylinux2014_x86_64.whl (1.3 MB)
#9 8.596    ━━━━━━━━━━━━━━━━━━━━━━━━━━━━━━━━━━━━━━━━ 1.3/1.3 MB 118.2 MB/s eta 0:00:00
#9 8.626 Downloading asyncpg-0.29.0-cp311-cp311-manylinux_2_17_x86_64.manylinux2014_x86_64.whl (2.8 MB)
#9 8.651    ━━━━━━━━━━━━━━━━━━━━━━━━━━━━━━━━━━━━━━━━ 2.8/2.8 MB 128.4 MB/s eta 0:00:00
#9 8.686 Downloading python_dotenv-1.0.0-py3-none-any.whl (19 kB)
#9 8.718 Downloading email_validator-2.1.0.post1-py3-none-any.whl (32 kB)
#9 8.746 Downloading httpcore-1.0.9-py3-none-any.whl (78 kB)
#9 8.747    ━━━━━━━━━━━━━━━━━━━━━━━━━━━━━━━━━━━━━━━━ 78.8/78.8 kB 261.1 MB/s eta 0:00:00
#9 8.778 Downloading pydantic_core-2.14.5-cp311-cp311-manylinux_2_17_x86_64.manylinux2014_x86_64.whl (2.1 MB)
#9 8.796    ━━━━━━━━━━━━━━━━━━━━━━━━━━━━━━━━━━━━━━━━ 2.1/2.1 MB 133.1 MB/s eta 0:00:00
#9 8.824 Downloading aiosignal-1.3.2-py2.py3-none-any.whl (7.6 kB)
#9 8.854 Downloading annotated_types-0.7.0-py3-none-any.whl (13 kB)
#9 8.882 Downloading anyio-3.7.1-py3-none-any.whl (80 kB)
#9 8.883    ━━━━━━━━━━━━━━━━━━━━━━━━━━━━━━━━━━━━━━━━ 80.9/80.9 kB 312.0 MB/s eta 0:00:00
#9 8.912 Downloading async_timeout-5.0.1-py3-none-any.whl (6.2 kB)
#9 8.941 Downloading attrs-25.3.0-py3-none-any.whl (63 kB)
#9 8.942    ━━━━━━━━━━━━━━━━━━━━━━━━━━━━━━━━━━━━━━━━ 63.8/63.8 kB 596.5 MB/s eta 0:00:00
#9 8.969 Downloading bcrypt-4.3.0-cp39-abi3-manylinux_2_34_x86_64.whl (284 kB)
#9 8.974    ━━━━━━━━━━━━━━━━━━━━━━━━━━━━━━━━━━━━━━━ 284.2/284.2 kB 190.5 MB/s eta 0:00:00
#9 9.002 Downloading click-8.2.1-py3-none-any.whl (102 kB)
#9 9.006    ━━━━━━━━━━━━━━━━━━━━━━━━━━━━━━━━━━━━━━━ 102.2/102.2 kB 206.0 MB/s eta 0:00:00
#9 9.035 Downloading cryptography-45.0.4-cp311-abi3-manylinux_2_34_x86_64.whl (4.5 MB)
#9 9.076    ━━━━━━━━━━━━━━━━━━━━━━━━━━━━━━━━━━━━━━━━ 4.5/4.5 MB 116.2 MB/s eta 0:00:00
#9 9.104 Downloading dnspython-2.7.0-py3-none-any.whl (313 kB)
#9 9.107    ━━━━━━━━━━━━━━━━━━━━━━━━━━━━━━━━━━━━━━━ 313.6/313.6 kB 193.7 MB/s eta 0:00:00
#9 9.136 Downloading ecdsa-0.19.1-py2.py3-none-any.whl (150 kB)
#9 9.140    ━━━━━━━━━━━━━━━━━━━━━━━━━━━━━━━━━━━━━━━ 150.6/150.6 kB 190.2 MB/s eta 0:00:00
#9 9.170 Downloading frozenlist-1.7.0-cp311-cp311-manylinux_2_5_x86_64.manylinux1_x86_64.manylinux_2_17_x86_64.manylinux2014_x86_64.whl (235 kB)
#9 9.174    ━━━━━━━━━━━━━━━━━━━━━━━━━━━━━━━━━━━━━━━ 235.3/235.3 kB 178.6 MB/s eta 0:00:00
#9 9.203 Downloading greenlet-3.2.3-cp311-cp311-manylinux_2_24_x86_64.manylinux_2_28_x86_64.whl (585 kB)
#9 9.209    ━━━━━━━━━━━━━━━━━━━━━━━━━━━━━━━━━━━━━━━ 585.5/585.5 kB 210.9 MB/s eta 0:00:00
#9 9.238 Downloading h11-0.16.0-py3-none-any.whl (37 kB)
#9 9.265 Downloading idna-3.10-py3-none-any.whl (70 kB)
#9 9.269    ━━━━━━━━━━━━━━━━━━━━━━━━━━━━━━━━━━━━━━━━ 70.4/70.4 kB 148.1 MB/s eta 0:00:00
#9 9.296 Downloading joblib-1.5.1-py3-none-any.whl (307 kB)
#9 9.300    ━━━━━━━━━━━━━━━━━━━━━━━━━━━━━━━━━━━━━━━ 307.7/307.7 kB 131.8 MB/s eta 0:00:00
#9 9.327 Downloading multidict-6.6.2-cp311-cp311-manylinux2014_x86_64.manylinux_2_17_x86_64.manylinux_2_28_x86_64.whl (246 kB)
#9 9.332    ━━━━━━━━━━━━━━━━━━━━━━━━━━━━━━━━━━━━━━━ 246.8/246.8 kB 195.6 MB/s eta 0:00:00
#9 9.362 Downloading pluggy-1.6.0-py3-none-any.whl (20 kB)
#9 9.391 Downloading pytz-2025.2-py2.py3-none-any.whl (509 kB)
#9 9.396    ━━━━━━━━━━━━━━━━━━━━━━━━━━━━━━━━━━━━━━━ 509.2/509.2 kB 232.4 MB/s eta 0:00:00
#9 9.424 Downloading scipy-1.16.0-cp311-cp311-manylinux2014_x86_64.manylinux_2_17_x86_64.whl (35.3 MB)
#9 9.803    ━━━━━━━━━━━━━━━━━━━━━━━━━━━━━━━━━━━━━━━━ 35.3/35.3 MB 90.4 MB/s eta 0:00:00
#9 9.833 Downloading six-1.17.0-py2.py3-none-any.whl (11 kB)
#9 9.862 Downloading sniffio-1.3.1-py3-none-any.whl (10 kB)
#9 9.891 Downloading starlette-0.27.0-py3-none-any.whl (66 kB)
#9 9.893    ━━━━━━━━━━━━━━━━━━━━━━━━━━━━━━━━━━━━━━━━ 67.0/67.0 kB 186.2 MB/s eta 0:00:00
#9 9.923 Downloading threadpoolctl-3.6.0-py3-none-any.whl (18 kB)
#9 9.950 Downloading typing_extensions-4.14.0-py3-none-any.whl (43 kB)
#9 9.951    ━━━━━━━━━━━━━━━━━━━━━━━━━━━━━━━━━━━━━━━━ 43.8/43.8 kB 457.3 MB/s eta 0:00:00
#9 9.979 Downloading tzdata-2025.2-py2.py3-none-any.whl (347 kB)
#9 9.982    ━━━━━━━━━━━━━━━━━━━━━━━━━━━━━━━━━━━━━━━ 347.8/347.8 kB 133.9 MB/s eta 0:00:00
#9 10.01 Downloading yarl-1.20.1-cp311-cp311-manylinux_2_17_x86_64.manylinux2014_x86_64.whl (348 kB)
#9 10.02    ━━━━━━━━━━━━━━━━━━━━━━━━━━━━━━━━━━━━━━━ 349.0/349.0 kB 207.1 MB/s eta 0:00:00
#9 10.04 Downloading certifi-2025.6.15-py3-none-any.whl (157 kB)
#9 10.05    ━━━━━━━━━━━━━━━━━━━━━━━━━━━━━━━━━━━━━━━ 157.7/157.7 kB 228.5 MB/s eta 0:00:00
#9 10.08 Downloading iniconfig-2.1.0-py3-none-any.whl (6.0 kB)
#9 10.11 Downloading mako-1.3.10-py3-none-any.whl (78 kB)
#9 10.11    ━━━━━━━━━━━━━━━━━━━━━━━━━━━━━━━━━━━━━━━━ 78.5/78.5 kB 263.1 MB/s eta 0:00:00
#9 10.14 Downloading packaging-25.0-py3-none-any.whl (66 kB)
#9 10.14    ━━━━━━━━━━━━━━━━━━━━━━━━━━━━━━━━━━━━━━━━ 66.5/66.5 kB 128.8 MB/s eta 0:00:00
#9 10.17 Downloading pyasn1-0.6.1-py3-none-any.whl (83 kB)
#9 10.17    ━━━━━━━━━━━━━━━━━━━━━━━━━━━━━━━━━━━━━━━━ 83.1/83.1 kB 336.3 MB/s eta 0:00:00
#9 10.20 Downloading rsa-4.9.1-py3-none-any.whl (34 kB)
#9 10.23 Downloading cffi-1.17.1-cp311-cp311-manylinux_2_17_x86_64.manylinux2014_x86_64.whl (467 kB)
#9 10.23    ━━━━━━━━━━━━━━━━━━━━━━━━━━━━━━━━━━━━━━━ 467.2/467.2 kB 151.5 MB/s eta 0:00:00
#9 10.26 Downloading MarkupSafe-3.0.2-cp311-cp311-manylinux_2_17_x86_64.manylinux2014_x86_64.whl (23 kB)
#9 10.29 Downloading propcache-0.3.2-cp311-cp311-manylinux_2_17_x86_64.manylinux2014_x86_64.whl (213 kB)
#9 10.29    ━━━━━━━━━━━━━━━━━━━━━━━━━━━━━━━━━━━━━━━ 213.5/213.5 kB 191.0 MB/s eta 0:00:00
#9 10.32 Downloading pycparser-2.22-py3-none-any.whl (117 kB)
#9 10.32    ━━━━━━━━━━━━━━━━━━━━━━━━━━━━━━━━━━━━━━━ 117.6/117.6 kB 422.3 MB/s eta 0:00:00
#9 10.60 Installing collected packages: pytz, passlib, tzdata, typing-extensions, threadpoolctl, sniffio, six, redis, python-multipart, python-dotenv, pycparser, pyasn1, psycopg2-binary, propcache, pluggy, packaging, numpy, multidict, MarkupSafe, joblib, iniconfig, idna, h11, greenlet, frozenlist, dnspython, click, certifi, bcrypt, attrs, async-timeout, annotated-types, yarl, uvicorn, sqlalchemy, scipy, rsa, python-dateutil, pytest, pydantic-core, Mako, httpcore, email-validator, ecdsa, cffi, asyncpg, anyio, aiosignal, starlette, scikit-learn, python-jose, pytest-asyncio, pydantic, pandas, httpx, cryptography, alembic, aiohttp, pydantic-settings, fastapi
#9 18.70 Successfully installed Mako-1.3.10 MarkupSafe-3.0.2 aiohttp-3.9.1 aiosignal-1.3.2 alembic-1.12.1 annotated-types-0.7.0 anyio-3.7.1 async-timeout-5.0.1 asyncpg-0.29.0 attrs-25.3.0 bcrypt-4.3.0 certifi-2025.6.15 cffi-1.17.1 click-8.2.1 cryptography-45.0.4 dnspython-2.7.0 ecdsa-0.19.1 email-validator-2.1.0.post1 fastapi-0.104.1 frozenlist-1.7.0 greenlet-3.2.3 h11-0.16.0 httpcore-1.0.9 httpx-0.25.2 idna-3.10 iniconfig-2.1.0 joblib-1.5.1 multidict-6.6.2 numpy-1.26.2 packaging-25.0 pandas-2.1.3 passlib-1.7.4 pluggy-1.6.0 propcache-0.3.2 psycopg2-binary-2.9.9 pyasn1-0.6.1 pycparser-2.22 pydantic-2.5.2 pydantic-core-2.14.5 pydantic-settings-2.1.0 pytest-7.4.3 pytest-asyncio-0.21.1 python-dateutil-2.8.2 python-dotenv-1.0.0 python-jose-3.3.0 python-multipart-0.0.6 pytz-2025.2 redis-5.0.1 rsa-4.9.1 scikit-learn-1.3.2 scipy-1.16.0 six-1.17.0 sniffio-1.3.1 sqlalchemy-2.0.23 starlette-0.27.0 threadpoolctl-3.6.0 typing-extensions-4.14.0 tzdata-2025.2 uvicorn-0.24.0 yarl-1.20.1
#9 18.70 WARNING: Running pip as the 'root' user can result in broken permissions and conflicting behaviour with the system package manager. It is recommended to use a virtual environment instead: https://pip.pypa.io/warnings/venv
#9 18.85 
#9 18.85 [notice] A new release of pip is available: 24.0 -> 25.1.1
#9 18.85 [notice] To update, run: pip install --upgrade pip
#9 19.76 Requirement already satisfied: pip in /usr/local/lib/python3.11/site-packages (24.0)
#9 19.94 Collecting pip
#9 20.06   Downloading pip-25.1.1-py3-none-any.whl.metadata (3.6 kB)
#9 20.09 Downloading pip-25.1.1-py3-none-any.whl (1.8 MB)
#9 20.23    ━━━━━━━━━━━━━━━━━━━━━━━━━━━━━━━━━━━━━━━━ 1.8/1.8 MB 13.6 MB/s eta 0:00:00
#9 20.41 Installing collected packages: pip
#9 20.41   Attempting uninstall: pip
#9 20.42     Found existing installation: pip 24.0
#9 20.43     Uninstalling pip-24.0:
#9 20.49       Successfully uninstalled pip-24.0
#9 20.91 Successfully installed pip-25.1.1
#9 20.91 WARNING: Running pip as the 'root' user can result in broken permissions and conflicting behaviour with the system package manager. It is recommended to use a virtual environment instead: https://pip.pypa.io/warnings/venv
#9 DONE 21.2s

#10 [6/6] COPY . .
#10 DONE 0.0s

#11 exporting to image
#11 exporting layers
#11 exporting layers 1.8s done
#11 writing image sha256:d5bc1ba5ca9fef22aea5c557246c3bdad974b4c46c9c90c8e8f274a84937f703 done
#11 naming to docker.io/library/biuai_backend done
#11 DONE 1.8s
Building frontend
#0 building with "desktop-linux" instance using docker driver

#1 [internal] load build definition from Dockerfile
#1 transferring dockerfile: 388B done
#1 WARN: FromAsCasing: 'as' and 'FROM' keywords' casing do not match (line 2)
#1 WARN: FromAsCasing: 'as' and 'FROM' keywords' casing do not match (line 15)
#1 DONE 0.0s

#2 [internal] load metadata for docker.io/library/node:18-alpine
#2 DONE 1.0s

#3 [internal] load metadata for docker.io/library/nginx:stable-alpine
#3 DONE 1.0s

#4 [internal] load .dockerignore
#4 transferring context: 2B done
#4 DONE 0.0s

#5 [build-stage 1/6] FROM docker.io/library/node:18-alpine@sha256:8d6421d663b4c28fd3ebc498332f249011d118945588d0a35cb9bc4b8ca09d9e
#5 DONE 0.0s

#6 [production-stage 1/3] FROM docker.io/library/nginx:stable-alpine@sha256:aed99734248e851764f1f2146835ecad42b5f994081fa6631cc5d79240891ec9
#6 DONE 0.0s

#7 [internal] load build context
#7 transferring context: 1.01MB 0.3s done
#7 DONE 0.3s

#8 [build-stage 4/6] RUN npm install
#8 CACHED

#9 [production-stage 2/3] COPY --from=build-stage /app/dist /usr/share/nginx/html
#9 CACHED

#10 [build-stage 2/6] WORKDIR /app
#10 CACHED

#11 [build-stage 5/6] COPY . .
#11 CACHED

#12 [build-stage 6/6] RUN npm run build
#12 CACHED

#13 [build-stage 3/6] COPY package*.json ./
#13 CACHED

#14 [production-stage 3/3] COPY nginx.conf /etc/nginx/conf.d/default.conf
#14 CACHED

#15 exporting to image
#15 exporting layers done
#15 writing image sha256:d4b48e3136628977ef207400f5a561030370077b240161df0bfa654c6212d076 done
#15 naming to docker.io/library/biuai_frontend done
#15 DONE 0.0s

 [33m2 warnings found (use docker --debug to expand):
[0m - FromAsCasing: 'as' and 'FROM' keywords' casing do not match (line 2)
 - FromAsCasing: 'as' and 'FROM' keywords' casing do not match (line 15)
Building jupyter
#0 building with "desktop-linux" instance using docker driver

#1 [internal] load build definition from Dockerfile
#1 transferring dockerfile: 670B done
#1 DONE 0.0s

#2 [internal] load metadata for docker.io/jupyter/scipy-notebook:latest
#2 DONE 1.1s

#3 [internal] load .dockerignore
#3 transferring context: 2B done
#3 DONE 0.0s

#4 [1/6] FROM docker.io/jupyter/scipy-notebook:latest@sha256:fca4bcc9cbd49d9a15e0e4df6c666adf17776c950da9fa94a4f0a045d5c4ad33
#4 DONE 0.0s

#5 [internal] load build context
#5 transferring context: 5.25kB done
#5 DONE 0.0s

#6 [3/6] COPY requirements.txt /tmp/
#6 CACHED

#7 [2/6] RUN apt-get update && apt-get install -y     build-essential     curl     && rm -rf /var/lib/apt/lists/*
#7 CACHED

#8 [5/6] WORKDIR /home/jovyan/work
#8 CACHED

#9 [4/6] RUN pip install --no-cache-dir -r /tmp/requirements.txt
#9 CACHED

#10 [6/6] COPY notebooks/ /home/jovyan/work/
#10 CACHED

#11 exporting to image
#11 exporting layers done
#11 writing image sha256:e43d41420acfc14550ec45ea8973648a8d67b61d0079a4da7aa90ecfb5bebbd7 done
#11 naming to docker.io/library/biuai_jupyter done
#11 DONE 0.0s
Creating biuai_db_1 ... 
Creating biuai_redis_1 ... 
Creating biuai_model-server_1 ... 
Creating biuai_model-server_1 ... done
Creating biuai_db_1           ... done
Creating biuai_jupyter_1      ... 
Creating biuai_pgadmin_1      ... 
Creating biuai_redis_1        ... done
Creating biuai_pgadmin_1      ... done
Creating biuai_jupyter_1      ... done
Creating biuai_backend_1      ... 
Creating biuai_backend_1      ... done

ERROR: for frontend  Container "2f75b50646c6" is unhealthy.
Encountered errors while bringing up the project.
